Using pre-set license
Built from '2020.3/staging' branch; Version is '2020.3.4f1 (0abb6314276a) revision 703331'; Using compiler version '192528614'; Build Type 'Release'
OS: 'Windows 10 Pro; OS build 19042.1165; Version 2009; 64bit' Language: 'en' Physical Memory: 16301 MB
BatchMode: 1, IsHumanControllingUs: 0, StartBugReporterOnCrash: 0, Is64bit: 1, IsPro: 0

 COMMAND LINE ARGUMENTS:
C:\Program Files\Unity\Hub\Editor\2020.3.4f1\Editor\Unity.exe
-adb2
-batchMode
-noUpm
-name
AssetImportWorker0
-projectPath
C:/Users/maddi/Documents/game-dev/unity-projects/i-dont-dance/I Dont Dance
-logFile
Logs/AssetImportWorker0.log
-srvPort
63618
Successfully changed project path to: C:/Users/maddi/Documents/game-dev/unity-projects/i-dont-dance/I Dont Dance
C:/Users/maddi/Documents/game-dev/unity-projects/i-dont-dance/I Dont Dance
Using Asset Import Pipeline V2.
Refreshing native plugins compatible for Editor in 22.46 ms, found 0 plugins.
Preloading 0 native plugins for Editor in 0.00 ms.
Initialize engine version: 2020.3.4f1 (0abb6314276a)
[Subsystems] Discovering subsystems at path C:/Program Files/Unity/Hub/Editor/2020.3.4f1/Editor/Data/Resources/UnitySubsystems
[Subsystems] Discovering subsystems at path C:/Users/maddi/Documents/game-dev/unity-projects/i-dont-dance/I Dont Dance/Assets
GfxDevice: creating device client; threaded=0
Direct3D:
    Version:  Direct3D 11.0 [level 11.1]
    Renderer: NVIDIA GeForce GTX 1050 (ID=0x1c8d)
    Vendor:   
    VRAM:     1979 MB
    Driver:   27.21.14.6140
Initialize mono
Mono path[0] = 'C:/Program Files/Unity/Hub/Editor/2020.3.4f1/Editor/Data/Managed'
Mono path[1] = 'C:/Program Files/Unity/Hub/Editor/2020.3.4f1/Editor/Data/MonoBleedingEdge/lib/mono/unityjit'
Mono config path = 'C:/Program Files/Unity/Hub/Editor/2020.3.4f1/Editor/Data/MonoBleedingEdge/etc'
Using monoOptions --debugger-agent=transport=dt_socket,embedding=1,server=y,suspend=n,address=127.0.0.1:56616
Begin MonoManager ReloadAssembly
Registering precompiled unity dll's ...
Register platform support module: C:/Program Files/Unity/Hub/Editor/2020.3.4f1/Editor/Data/PlaybackEngines/WebGLSupport/UnityEditor.WebGL.Extensions.dll
Register platform support module: C:/Program Files/Unity/Hub/Editor/2020.3.4f1/Editor/Data/PlaybackEngines/WindowsStandaloneSupport/UnityEditor.WindowsStandalone.Extensions.dll
Registered in 0.002417 seconds.
Native extension for WindowsStandalone target not found
Native extension for WebGL target not found
Refreshing native plugins compatible for Editor in 25.81 ms, found 0 plugins.
Preloading 0 native plugins for Editor in 0.00 ms.
Mono: successfully reloaded assembly
- Completed reload, in  1.233 seconds
Platform modules already initialized, skipping
Registering precompiled user dll's ...
Registered in 0.001015 seconds.
Begin MonoManager ReloadAssembly
Native extension for WindowsStandalone target not found
Native extension for WebGL target not found
Refreshing native plugins compatible for Editor in 0.25 ms, found 0 plugins.
Preloading 0 native plugins for Editor in 0.00 ms.
Mono: successfully reloaded assembly
- Completed reload, in  0.886 seconds
Platform modules already initialized, skipping
========================================================================
Worker process is ready to serve import requests
Launched and connected shader compiler UnityShaderCompiler.exe after 0.05 seconds
Refreshing native plugins compatible for Editor in 0.27 ms, found 0 plugins.
Preloading 0 native plugins for Editor in 0.00 ms.
Unloading 1117 Unused Serialized files (Serialized files now loaded: 0)
System memory in use before: 57.6 MB.
System memory in use after: 57.6 MB.

Unloading 10 unused Assets to reduce memory usage. Loaded Objects now: 1560.
Total: 2.596500 ms (FindLiveObjects: 0.252900 ms CreateObjectMapping: 0.072100 ms MarkObjects: 2.145000 ms  DeleteObjects: 0.125300 ms)

========================================================================
Received Import Request.
  path: Assets/Scripts/Play Scripts/BaseEnemy.cs
  artifactKey: Guid(3488b249a5a2ba44b80a88456ec7f1d7) Importer(815301076,1909f56bfc062723c751e8b465ee728b)
Start importing Assets/Scripts/Play Scripts/BaseEnemy.cs using Guid(3488b249a5a2ba44b80a88456ec7f1d7) Importer(815301076,1909f56bfc062723c751e8b465ee728b)  -> (artifact id: '80b3c60a7e245e2eea4b4edc944d1560') in 0.040606 seconds
  Import took 0.042804 seconds .

========================================================================
Received Import Request.
  Time since last request: 0.000452 seconds.
  path: Assets/Scripts/Play Scripts/PlayerController.cs
  artifactKey: Guid(68dddbfef8def3c49a3768e41261b76d) Importer(815301076,1909f56bfc062723c751e8b465ee728b)
Start importing Assets/Scripts/Play Scripts/PlayerController.cs using Guid(68dddbfef8def3c49a3768e41261b76d) Importer(815301076,1909f56bfc062723c751e8b465ee728b)  -> (artifact id: 'd066085c6fe4402c6996a6e135e778dd') in 0.007557 seconds
  Import took 0.010329 seconds .

========================================================================
Received Prepare
Refreshing native plugins compatible for Editor in 1.21 ms, found 0 plugins.
Preloading 0 native plugins for Editor in 0.00 ms.
Unloading 3 Unused Serialized files (Serialized files now loaded: 0)
System memory in use before: 35.0 MB.
System memory in use after: 35.1 MB.

Unloading 3 unused Assets to reduce memory usage. Loaded Objects now: 1560.
Total: 7.043200 ms (FindLiveObjects: 0.508800 ms CreateObjectMapping: 0.151800 ms MarkObjects: 6.254500 ms  DeleteObjects: 0.123400 ms)

========================================================================
Received Import Request.
  Time since last request: 2137.924380 seconds.
  path: Assets/Scripts/Play Scripts/BaseEnemy.cs
  artifactKey: Guid(3488b249a5a2ba44b80a88456ec7f1d7) Importer(815301076,1909f56bfc062723c751e8b465ee728b)
Start importing Assets/Scripts/Play Scripts/BaseEnemy.cs using Guid(3488b249a5a2ba44b80a88456ec7f1d7) Importer(815301076,1909f56bfc062723c751e8b465ee728b)  -> (artifact id: '1a5c9e9d0b7170be1794ee55d6259f98') in 0.012593 seconds
  Import took 0.018028 seconds .

========================================================================
Received Prepare
Registering precompiled user dll's ...
Registered in 0.000983 seconds.
Begin MonoManager ReloadAssembly
Native extension for WindowsStandalone target not found
Native extension for WebGL target not found
Refreshing native plugins compatible for Editor in 0.29 ms, found 0 plugins.
Preloading 0 native plugins for Editor in 0.00 ms.
Mono: successfully reloaded assembly
- Completed reload, in  1.233 seconds
Platform modules already initialized, skipping
Refreshing native plugins compatible for Editor in 0.23 ms, found 0 plugins.
Preloading 0 native plugins for Editor in 0.00 ms.
Unloading 1112 Unused Serialized files (Serialized files now loaded: 0)
System memory in use before: 57.5 MB.
System memory in use after: 57.6 MB.

Unloading 5 unused Assets to reduce memory usage. Loaded Objects now: 1563.
Total: 1.802200 ms (FindLiveObjects: 0.165000 ms CreateObjectMapping: 0.038400 ms MarkObjects: 1.527600 ms  DeleteObjects: 0.070000 ms)

========================================================================
Received Prepare
Registering precompiled user dll's ...
Registered in 0.001393 seconds.
Begin MonoManager ReloadAssembly
Native extension for WindowsStandalone target not found
Native extension for WebGL target not found
Refreshing native plugins compatible for Editor in 0.25 ms, found 0 plugins.
Preloading 0 native plugins for Editor in 0.00 ms.
Mono: successfully reloaded assembly
- Completed reload, in  0.941 seconds
Platform modules already initialized, skipping
Refreshing native plugins compatible for Editor in 0.33 ms, found 0 plugins.
Preloading 0 native plugins for Editor in 0.00 ms.
Unloading 1112 Unused Serialized files (Serialized files now loaded: 0)
System memory in use before: 57.5 MB.
System memory in use after: 57.6 MB.

Unloading 5 unused Assets to reduce memory usage. Loaded Objects now: 1566.
Total: 2.449300 ms (FindLiveObjects: 0.368200 ms CreateObjectMapping: 0.122500 ms MarkObjects: 1.866900 ms  DeleteObjects: 0.090600 ms)

========================================================================
Received Import Request.
  Time since last request: 260.061421 seconds.
  path: Assets/Scripts/Play Scripts/BaseEnemy.cs
  artifactKey: Guid(3488b249a5a2ba44b80a88456ec7f1d7) Importer(815301076,1909f56bfc062723c751e8b465ee728b)
Start importing Assets/Scripts/Play Scripts/BaseEnemy.cs using Guid(3488b249a5a2ba44b80a88456ec7f1d7) Importer(815301076,1909f56bfc062723c751e8b465ee728b)  -> (artifact id: 'ce7827113d08d44cf6dc75118d98d8a7') in 0.007969 seconds
  Import took 0.009867 seconds .

========================================================================
Received Import Request.
  Time since last request: 34.191743 seconds.
  path: Assets/Scripts/Play Scripts/StationaryEnemy.cs
  artifactKey: Guid(23937a21e3af90049b921527c9466f94) Importer(815301076,1909f56bfc062723c751e8b465ee728b)
Start importing Assets/Scripts/Play Scripts/StationaryEnemy.cs using Guid(23937a21e3af90049b921527c9466f94) Importer(815301076,1909f56bfc062723c751e8b465ee728b)  -> (artifact id: '5996657b7359c1fbd7370759811c3d8a') in 0.010659 seconds
  Import took 0.014130 seconds .

========================================================================
Received Prepare
Registering precompiled user dll's ...
Registered in 0.001304 seconds.
Begin MonoManager ReloadAssembly
Native extension for WindowsStandalone target not found
Native extension for WebGL target not found
Refreshing native plugins compatible for Editor in 0.25 ms, found 0 plugins.
Preloading 0 native plugins for Editor in 0.00 ms.
Mono: successfully reloaded assembly
- Completed reload, in  1.029 seconds
Platform modules already initialized, skipping
Refreshing native plugins compatible for Editor in 0.21 ms, found 0 plugins.
Preloading 0 native plugins for Editor in 0.00 ms.
Unloading 1113 Unused Serialized files (Serialized files now loaded: 0)
System memory in use before: 57.6 MB.
System memory in use after: 57.7 MB.

Unloading 5 unused Assets to reduce memory usage. Loaded Objects now: 1570.
Total: 2.400200 ms (FindLiveObjects: 0.194700 ms CreateObjectMapping: 0.040400 ms MarkObjects: 2.089500 ms  DeleteObjects: 0.074600 ms)

========================================================================
Received Import Request.
  Time since last request: 12.548913 seconds.
  path: Assets/Scripts/Play Scripts/MovingEnemy.cs
  artifactKey: Guid(74129be12d6789b42b77a05051e9f1ca) Importer(815301076,1909f56bfc062723c751e8b465ee728b)
Start importing Assets/Scripts/Play Scripts/MovingEnemy.cs using Guid(74129be12d6789b42b77a05051e9f1ca) Importer(815301076,1909f56bfc062723c751e8b465ee728b)  -> (artifact id: 'd840f3a1855fa11008ab96aa141f8e0b') in 0.014468 seconds
  Import took 0.017525 seconds .

========================================================================
Received Import Request.
  Time since last request: 0.019169 seconds.
  path: Assets/Scripts/Play Scripts/MovingEnemy.cs
  artifactKey: Guid(74129be12d6789b42b77a05051e9f1ca) Importer(815301076,1909f56bfc062723c751e8b465ee728b)
Start importing Assets/Scripts/Play Scripts/MovingEnemy.cs using Guid(74129be12d6789b42b77a05051e9f1ca) Importer(815301076,1909f56bfc062723c751e8b465ee728b)  -> (artifact id: 'd840f3a1855fa11008ab96aa141f8e0b') in 0.005469 seconds
  Import took 0.009770 seconds .

========================================================================
Received Prepare
Registering precompiled user dll's ...
Registered in 0.000735 seconds.
Begin MonoManager ReloadAssembly
Native extension for WindowsStandalone target not found
Native extension for WebGL target not found
Refreshing native plugins compatible for Editor in 0.22 ms, found 0 plugins.
Preloading 0 native plugins for Editor in 0.00 ms.
Mono: successfully reloaded assembly
- Completed reload, in  0.958 seconds
Platform modules already initialized, skipping
Refreshing native plugins compatible for Editor in 0.24 ms, found 0 plugins.
Preloading 0 native plugins for Editor in 0.00 ms.
Unloading 1114 Unused Serialized files (Serialized files now loaded: 0)
System memory in use before: 57.6 MB.
System memory in use after: 57.7 MB.

Unloading 5 unused Assets to reduce memory usage. Loaded Objects now: 1574.
Total: 1.938200 ms (FindLiveObjects: 0.230600 ms CreateObjectMapping: 0.044400 ms MarkObjects: 1.605800 ms  DeleteObjects: 0.055800 ms)

========================================================================
Received Import Request.
  Time since last request: 12.499037 seconds.
  path: Assets/Scripts/Play Scripts/TrackingEnemy.cs
  artifactKey: Guid(2104df11670e2ac4aaed73090789f09c) Importer(815301076,1909f56bfc062723c751e8b465ee728b)
Start importing Assets/Scripts/Play Scripts/TrackingEnemy.cs using Guid(2104df11670e2ac4aaed73090789f09c) Importer(815301076,1909f56bfc062723c751e8b465ee728b)  -> (artifact id: 'ddca9e786507d2f7b4db8f851fef6f97') in 0.017505 seconds
  Import took 0.021800 seconds .

========================================================================
Received Prepare
Registering precompiled user dll's ...
Registered in 0.001311 seconds.
Begin MonoManager ReloadAssembly
Native extension for WindowsStandalone target not found
Native extension for WebGL target not found
Refreshing native plugins compatible for Editor in 0.23 ms, found 0 plugins.
Preloading 0 native plugins for Editor in 0.00 ms.
Mono: successfully reloaded assembly
- Completed reload, in  1.127 seconds
Platform modules already initialized, skipping
Refreshing native plugins compatible for Editor in 0.39 ms, found 0 plugins.
Preloading 0 native plugins for Editor in 0.00 ms.
Unloading 1115 Unused Serialized files (Serialized files now loaded: 0)
System memory in use before: 57.6 MB.
System memory in use after: 57.7 MB.

Unloading 5 unused Assets to reduce memory usage. Loaded Objects now: 1578.
Total: 8.646500 ms (FindLiveObjects: 0.628500 ms CreateObjectMapping: 0.186800 ms MarkObjects: 7.607800 ms  DeleteObjects: 0.217900 ms)

========================================================================
Received Prepare
Registering precompiled user dll's ...
Registered in 0.000881 seconds.
Begin MonoManager ReloadAssembly
Native extension for WindowsStandalone target not found
Native extension for WebGL target not found
Refreshing native plugins compatible for Editor in 0.22 ms, found 0 plugins.
Preloading 0 native plugins for Editor in 0.00 ms.
Mono: successfully reloaded assembly
- Completed reload, in  0.909 seconds
Platform modules already initialized, skipping
Refreshing native plugins compatible for Editor in 0.22 ms, found 0 plugins.
Preloading 0 native plugins for Editor in 0.00 ms.
Unloading 1115 Unused Serialized files (Serialized files now loaded: 0)
System memory in use before: 57.7 MB.
System memory in use after: 57.7 MB.

Unloading 5 unused Assets to reduce memory usage. Loaded Objects now: 1581.
Total: 2.531200 ms (FindLiveObjects: 0.282100 ms CreateObjectMapping: 0.120400 ms MarkObjects: 2.042900 ms  DeleteObjects: 0.084100 ms)

========================================================================
Received Import Request.
  Time since last request: 544.814783 seconds.
  path: Assets/Scripts/Play Scripts/TrackingEnemy.cs
  artifactKey: Guid(2104df11670e2ac4aaed73090789f09c) Importer(815301076,1909f56bfc062723c751e8b465ee728b)
Start importing Assets/Scripts/Play Scripts/TrackingEnemy.cs using Guid(2104df11670e2ac4aaed73090789f09c) Importer(815301076,1909f56bfc062723c751e8b465ee728b)  -> (artifact id: '4725372b654abbbd07bd5cbcb8d58c84') in 0.007480 seconds
  Import took 0.009874 seconds .

========================================================================
Received Prepare
Registering precompiled user dll's ...
Registered in 0.000707 seconds.
Begin MonoManager ReloadAssembly
Native extension for WindowsStandalone target not found
Native extension for WebGL target not found
Refreshing native plugins compatible for Editor in 0.38 ms, found 0 plugins.
Preloading 0 native plugins for Editor in 0.00 ms.
Mono: successfully reloaded assembly
- Completed reload, in  0.850 seconds
Platform modules already initialized, skipping
Refreshing native plugins compatible for Editor in 0.26 ms, found 0 plugins.
Preloading 0 native plugins for Editor in 0.00 ms.
Unloading 1115 Unused Serialized files (Serialized files now loaded: 0)
System memory in use before: 57.7 MB.
System memory in use after: 57.7 MB.

Unloading 5 unused Assets to reduce memory usage. Loaded Objects now: 1584.
Total: 2.562000 ms (FindLiveObjects: 0.273700 ms CreateObjectMapping: 0.085200 ms MarkObjects: 2.101200 ms  DeleteObjects: 0.100300 ms)

========================================================================
Received Prepare
Registering precompiled user dll's ...
Registered in 0.000698 seconds.
Begin MonoManager ReloadAssembly
Native extension for WindowsStandalone target not found
Native extension for WebGL target not found
Refreshing native plugins compatible for Editor in 0.26 ms, found 0 plugins.
Preloading 0 native plugins for Editor in 0.00 ms.
Mono: successfully reloaded assembly
- Completed reload, in  0.832 seconds
Platform modules already initialized, skipping
Refreshing native plugins compatible for Editor in 0.25 ms, found 0 plugins.
Preloading 0 native plugins for Editor in 0.00 ms.
Unloading 1115 Unused Serialized files (Serialized files now loaded: 0)
System memory in use before: 57.7 MB.
System memory in use after: 57.7 MB.

Unloading 5 unused Assets to reduce memory usage. Loaded Objects now: 1587.
Total: 2.285900 ms (FindLiveObjects: 0.287600 ms CreateObjectMapping: 0.063300 ms MarkObjects: 1.853200 ms  DeleteObjects: 0.080300 ms)

========================================================================
Received Prepare
Registering precompiled user dll's ...
Registered in 0.001030 seconds.
Begin MonoManager ReloadAssembly
Native extension for WindowsStandalone target not found
Native extension for WebGL target not found
Refreshing native plugins compatible for Editor in 0.23 ms, found 0 plugins.
Preloading 0 native plugins for Editor in 0.00 ms.
Mono: successfully reloaded assembly
- Completed reload, in  0.827 seconds
Platform modules already initialized, skipping
Refreshing native plugins compatible for Editor in 0.27 ms, found 0 plugins.
Preloading 0 native plugins for Editor in 0.00 ms.
Unloading 1115 Unused Serialized files (Serialized files now loaded: 0)
System memory in use before: 57.7 MB.
System memory in use after: 57.7 MB.

Unloading 5 unused Assets to reduce memory usage. Loaded Objects now: 1590.
Total: 2.427800 ms (FindLiveObjects: 0.350500 ms CreateObjectMapping: 0.095300 ms MarkObjects: 1.913300 ms  DeleteObjects: 0.067200 ms)

========================================================================
Received Import Request.
  Time since last request: 2754.893747 seconds.
  path: Assets/Scripts/Play Scripts/MovingEnemy.cs
  artifactKey: Guid(74129be12d6789b42b77a05051e9f1ca) Importer(815301076,1909f56bfc062723c751e8b465ee728b)
Start importing Assets/Scripts/Play Scripts/MovingEnemy.cs using Guid(74129be12d6789b42b77a05051e9f1ca) Importer(815301076,1909f56bfc062723c751e8b465ee728b)  -> (artifact id: '4b15d364a8c8c02822d3a34a47923a6a') in 0.018343 seconds
  Import took 0.020454 seconds .

AssetImportWorkerClient::OnTransportError - code=2 error=End of file
