Using pre-set license
Built from '2020.3/staging' branch; Version is '2020.3.4f1 (0abb6314276a) revision 703331'; Using compiler version '192528614'; Build Type 'Release'
OS: 'Windows 10 Pro; OS build 19042.1165; Version 2009; 64bit' Language: 'en' Physical Memory: 16301 MB
BatchMode: 1, IsHumanControllingUs: 0, StartBugReporterOnCrash: 0, Is64bit: 1, IsPro: 0

 COMMAND LINE ARGUMENTS:
C:\Program Files\Unity\Hub\Editor\2020.3.4f1\Editor\Unity.exe
-adb2
-batchMode
-noUpm
-name
AssetImportWorker0
-projectPath
C:/Users/maddi/Documents/game-dev/unity-projects/i-dont-dance/I Dont Dance
-logFile
Logs/AssetImportWorker0.log
-srvPort
65075
Successfully changed project path to: C:/Users/maddi/Documents/game-dev/unity-projects/i-dont-dance/I Dont Dance
C:/Users/maddi/Documents/game-dev/unity-projects/i-dont-dance/I Dont Dance
Using Asset Import Pipeline V2.
Refreshing native plugins compatible for Editor in 32.03 ms, found 0 plugins.
Preloading 0 native plugins for Editor in 0.00 ms.
Initialize engine version: 2020.3.4f1 (0abb6314276a)
[Subsystems] Discovering subsystems at path C:/Program Files/Unity/Hub/Editor/2020.3.4f1/Editor/Data/Resources/UnitySubsystems
[Subsystems] Discovering subsystems at path C:/Users/maddi/Documents/game-dev/unity-projects/i-dont-dance/I Dont Dance/Assets
GfxDevice: creating device client; threaded=0
Direct3D:
    Version:  Direct3D 11.0 [level 11.1]
    Renderer: NVIDIA GeForce GTX 1050 (ID=0x1c8d)
    Vendor:   
    VRAM:     1979 MB
    Driver:   27.21.14.6140
Initialize mono
Mono path[0] = 'C:/Program Files/Unity/Hub/Editor/2020.3.4f1/Editor/Data/Managed'
Mono path[1] = 'C:/Program Files/Unity/Hub/Editor/2020.3.4f1/Editor/Data/MonoBleedingEdge/lib/mono/unityjit'
Mono config path = 'C:/Program Files/Unity/Hub/Editor/2020.3.4f1/Editor/Data/MonoBleedingEdge/etc'
Using monoOptions --debugger-agent=transport=dt_socket,embedding=1,server=y,suspend=n,address=127.0.0.1:56192
Begin MonoManager ReloadAssembly
Registering precompiled unity dll's ...
Register platform support module: C:/Program Files/Unity/Hub/Editor/2020.3.4f1/Editor/Data/PlaybackEngines/WebGLSupport/UnityEditor.WebGL.Extensions.dll
Register platform support module: C:/Program Files/Unity/Hub/Editor/2020.3.4f1/Editor/Data/PlaybackEngines/WindowsStandaloneSupport/UnityEditor.WindowsStandalone.Extensions.dll
Registered in 0.002655 seconds.
Native extension for WindowsStandalone target not found
Native extension for WebGL target not found
Refreshing native plugins compatible for Editor in 25.23 ms, found 0 plugins.
Preloading 0 native plugins for Editor in 0.00 ms.
Mono: successfully reloaded assembly
- Completed reload, in  1.396 seconds
Platform modules already initialized, skipping
Registering precompiled user dll's ...
Registered in 0.000751 seconds.
Begin MonoManager ReloadAssembly
Native extension for WindowsStandalone target not found
Native extension for WebGL target not found
Refreshing native plugins compatible for Editor in 0.36 ms, found 0 plugins.
Preloading 0 native plugins for Editor in 0.00 ms.
Mono: successfully reloaded assembly
- Completed reload, in  0.930 seconds
Platform modules already initialized, skipping
========================================================================
Worker process is ready to serve import requests
Launched and connected shader compiler UnityShaderCompiler.exe after 0.08 seconds
Refreshing native plugins compatible for Editor in 0.24 ms, found 0 plugins.
Preloading 0 native plugins for Editor in 0.00 ms.
Unloading 1120 Unused Serialized files (Serialized files now loaded: 0)
System memory in use before: 57.7 MB.
System memory in use after: 57.7 MB.

Unloading 10 unused Assets to reduce memory usage. Loaded Objects now: 1563.
Total: 2.921700 ms (FindLiveObjects: 0.324300 ms CreateObjectMapping: 0.150500 ms MarkObjects: 2.304400 ms  DeleteObjects: 0.141200 ms)

========================================================================
Received Import Request.
  path: Assets/Scripts/Play Scripts/StationaryEnemy.cs
  artifactKey: Guid(23937a21e3af90049b921527c9466f94) Importer(815301076,1909f56bfc062723c751e8b465ee728b)
Start importing Assets/Scripts/Play Scripts/StationaryEnemy.cs using Guid(23937a21e3af90049b921527c9466f94) Importer(815301076,1909f56bfc062723c751e8b465ee728b)  -> (artifact id: 'ea3297c067ca3e5e76c29c0f9f6b405e') in 0.043204 seconds
  Import took 0.045276 seconds .

========================================================================
Received Import Request.
  Time since last request: 162.290594 seconds.
  path: Assets/Scripts/Play Scripts/StationaryEnemy.cs
  artifactKey: Guid(23937a21e3af90049b921527c9466f94) Importer(815301076,1909f56bfc062723c751e8b465ee728b)
Start importing Assets/Scripts/Play Scripts/StationaryEnemy.cs using Guid(23937a21e3af90049b921527c9466f94) Importer(815301076,1909f56bfc062723c751e8b465ee728b)  -> (artifact id: '944334ea05091308c7c9e4c98ad99976') in 0.006743 seconds
  Import took 0.009300 seconds .

========================================================================
Received Import Request.
  Time since last request: 103.838944 seconds.
  path: Assets/Scripts/Play Scripts/StationaryEnemy.cs
  artifactKey: Guid(23937a21e3af90049b921527c9466f94) Importer(815301076,1909f56bfc062723c751e8b465ee728b)
Start importing Assets/Scripts/Play Scripts/StationaryEnemy.cs using Guid(23937a21e3af90049b921527c9466f94) Importer(815301076,1909f56bfc062723c751e8b465ee728b)  -> (artifact id: '53a1ca7792d07c5c265f22c0856de4f1') in 0.004354 seconds
  Import took 0.006996 seconds .

========================================================================
Received Import Request.
  Time since last request: 8.246165 seconds.
  path: Assets/Scripts/Play Scripts/StationaryEnemy.cs
  artifactKey: Guid(23937a21e3af90049b921527c9466f94) Importer(815301076,1909f56bfc062723c751e8b465ee728b)
Start importing Assets/Scripts/Play Scripts/StationaryEnemy.cs using Guid(23937a21e3af90049b921527c9466f94) Importer(815301076,1909f56bfc062723c751e8b465ee728b)  -> (artifact id: '93666a0997d7ece3cef22624c0c027b4') in 0.004180 seconds
  Import took 0.007493 seconds .

========================================================================
Received Import Request.
  Time since last request: 25.214011 seconds.
  path: Assets/Scripts/Play Scripts/StationaryEnemy.cs
  artifactKey: Guid(23937a21e3af90049b921527c9466f94) Importer(815301076,1909f56bfc062723c751e8b465ee728b)
Start importing Assets/Scripts/Play Scripts/StationaryEnemy.cs using Guid(23937a21e3af90049b921527c9466f94) Importer(815301076,1909f56bfc062723c751e8b465ee728b)  -> (artifact id: 'c465aca0f7efa8b1555466828c9931db') in 0.004742 seconds
  Import took 0.008193 seconds .

========================================================================
Received Prepare
Registering precompiled user dll's ...
Registered in 0.001096 seconds.
Begin MonoManager ReloadAssembly
Native extension for WindowsStandalone target not found
Native extension for WebGL target not found
Refreshing native plugins compatible for Editor in 0.23 ms, found 0 plugins.
Preloading 0 native plugins for Editor in 0.00 ms.
Mono: successfully reloaded assembly
- Completed reload, in  1.007 seconds
Platform modules already initialized, skipping
Refreshing native plugins compatible for Editor in 0.26 ms, found 0 plugins.
Preloading 0 native plugins for Editor in 0.00 ms.
Unloading 1115 Unused Serialized files (Serialized files now loaded: 0)
System memory in use before: 57.6 MB.
System memory in use after: 57.7 MB.

Unloading 5 unused Assets to reduce memory usage. Loaded Objects now: 1566.
Total: 1.855500 ms (FindLiveObjects: 0.233100 ms CreateObjectMapping: 0.063700 ms MarkObjects: 1.494900 ms  DeleteObjects: 0.062400 ms)

========================================================================
Received Prepare
Registering precompiled user dll's ...
Registered in 0.000708 seconds.
Begin MonoManager ReloadAssembly
Native extension for WindowsStandalone target not found
Native extension for WebGL target not found
Refreshing native plugins compatible for Editor in 0.31 ms, found 0 plugins.
Preloading 0 native plugins for Editor in 0.00 ms.
Mono: successfully reloaded assembly
- Completed reload, in  0.884 seconds
Platform modules already initialized, skipping
Refreshing native plugins compatible for Editor in 0.25 ms, found 0 plugins.
Preloading 0 native plugins for Editor in 0.00 ms.
Unloading 1115 Unused Serialized files (Serialized files now loaded: 0)
System memory in use before: 57.7 MB.
System memory in use after: 57.7 MB.

Unloading 5 unused Assets to reduce memory usage. Loaded Objects now: 1569.
Total: 2.093400 ms (FindLiveObjects: 0.196100 ms CreateObjectMapping: 0.031600 ms MarkObjects: 1.771500 ms  DeleteObjects: 0.093300 ms)

========================================================================
Received Prepare
Registering precompiled user dll's ...
Registered in 0.000699 seconds.
Begin MonoManager ReloadAssembly
Native extension for WindowsStandalone target not found
Native extension for WebGL target not found
Refreshing native plugins compatible for Editor in 0.24 ms, found 0 plugins.
Preloading 0 native plugins for Editor in 0.00 ms.
Mono: successfully reloaded assembly
- Completed reload, in  0.898 seconds
Platform modules already initialized, skipping
Refreshing native plugins compatible for Editor in 0.26 ms, found 0 plugins.
Preloading 0 native plugins for Editor in 0.00 ms.
Unloading 1115 Unused Serialized files (Serialized files now loaded: 0)
System memory in use before: 57.7 MB.
System memory in use after: 57.7 MB.

Unloading 5 unused Assets to reduce memory usage. Loaded Objects now: 1572.
Total: 2.776400 ms (FindLiveObjects: 0.336400 ms CreateObjectMapping: 0.067900 ms MarkObjects: 2.291700 ms  DeleteObjects: 0.078700 ms)

========================================================================
Received Import Request.
  Time since last request: 1259.091755 seconds.
  path: Assets/Scripts/Play Scripts/MovingEnemy.cs
  artifactKey: Guid(74129be12d6789b42b77a05051e9f1ca) Importer(815301076,1909f56bfc062723c751e8b465ee728b)
Start importing Assets/Scripts/Play Scripts/MovingEnemy.cs using Guid(74129be12d6789b42b77a05051e9f1ca) Importer(815301076,1909f56bfc062723c751e8b465ee728b)  -> (artifact id: 'f3a6038fac785f83fa4db11b69701d7f') in 0.037173 seconds
  Import took 0.039605 seconds .

========================================================================
Received Prepare
Registering precompiled user dll's ...
Registered in 0.000887 seconds.
Begin MonoManager ReloadAssembly
Native extension for WindowsStandalone target not found
Native extension for WebGL target not found
Refreshing native plugins compatible for Editor in 0.30 ms, found 0 plugins.
Preloading 0 native plugins for Editor in 0.00 ms.
Mono: successfully reloaded assembly
- Completed reload, in  0.906 seconds
Platform modules already initialized, skipping
Refreshing native plugins compatible for Editor in 0.22 ms, found 0 plugins.
Preloading 0 native plugins for Editor in 0.00 ms.
Unloading 1115 Unused Serialized files (Serialized files now loaded: 0)
System memory in use before: 57.7 MB.
System memory in use after: 57.7 MB.

Unloading 5 unused Assets to reduce memory usage. Loaded Objects now: 1575.
Total: 2.279800 ms (FindLiveObjects: 0.323600 ms CreateObjectMapping: 0.123500 ms MarkObjects: 1.744800 ms  DeleteObjects: 0.085200 ms)

========================================================================
Received Prepare
Registering precompiled user dll's ...
Registered in 0.000675 seconds.
Begin MonoManager ReloadAssembly
Native extension for WindowsStandalone target not found
Native extension for WebGL target not found
Refreshing native plugins compatible for Editor in 0.29 ms, found 0 plugins.
Preloading 0 native plugins for Editor in 0.00 ms.
Mono: successfully reloaded assembly
- Completed reload, in  0.854 seconds
Platform modules already initialized, skipping
Refreshing native plugins compatible for Editor in 0.28 ms, found 0 plugins.
Preloading 0 native plugins for Editor in 0.00 ms.
Unloading 1115 Unused Serialized files (Serialized files now loaded: 0)
System memory in use before: 57.7 MB.
System memory in use after: 57.8 MB.

Unloading 5 unused Assets to reduce memory usage. Loaded Objects now: 1578.
Total: 2.007000 ms (FindLiveObjects: 0.196800 ms CreateObjectMapping: 0.087200 ms MarkObjects: 1.648700 ms  DeleteObjects: 0.072900 ms)

========================================================================
Received Prepare
Registering precompiled user dll's ...
Registered in 0.001195 seconds.
Begin MonoManager ReloadAssembly
Native extension for WindowsStandalone target not found
Native extension for WebGL target not found
Refreshing native plugins compatible for Editor in 0.34 ms, found 0 plugins.
Preloading 0 native plugins for Editor in 0.00 ms.
Mono: successfully reloaded assembly
- Completed reload, in  0.847 seconds
Platform modules already initialized, skipping
Refreshing native plugins compatible for Editor in 0.25 ms, found 0 plugins.
Preloading 0 native plugins for Editor in 0.00 ms.
Unloading 1115 Unused Serialized files (Serialized files now loaded: 0)
System memory in use before: 57.7 MB.
System memory in use after: 57.8 MB.

Unloading 5 unused Assets to reduce memory usage. Loaded Objects now: 1581.
Total: 1.958800 ms (FindLiveObjects: 0.178300 ms CreateObjectMapping: 0.062700 ms MarkObjects: 1.638500 ms  DeleteObjects: 0.078500 ms)

========================================================================
Received Prepare
Registering precompiled user dll's ...
Registered in 0.001285 seconds.
Begin MonoManager ReloadAssembly
Native extension for WindowsStandalone target not found
Native extension for WebGL target not found
Refreshing native plugins compatible for Editor in 0.21 ms, found 0 plugins.
Preloading 0 native plugins for Editor in 0.00 ms.
Mono: successfully reloaded assembly
- Completed reload, in  0.925 seconds
Platform modules already initialized, skipping
Refreshing native plugins compatible for Editor in 0.26 ms, found 0 plugins.
Preloading 0 native plugins for Editor in 0.00 ms.
Unloading 1115 Unused Serialized files (Serialized files now loaded: 0)
System memory in use before: 57.7 MB.
System memory in use after: 57.8 MB.

Unloading 5 unused Assets to reduce memory usage. Loaded Objects now: 1584.
Total: 2.234300 ms (FindLiveObjects: 0.192400 ms CreateObjectMapping: 0.044700 ms MarkObjects: 1.947000 ms  DeleteObjects: 0.049200 ms)

========================================================================
Received Prepare
Registering precompiled user dll's ...
Registered in 0.000875 seconds.
Begin MonoManager ReloadAssembly
Native extension for WindowsStandalone target not found
Native extension for WebGL target not found
Refreshing native plugins compatible for Editor in 0.31 ms, found 0 plugins.
Preloading 0 native plugins for Editor in 0.00 ms.
Mono: successfully reloaded assembly
- Completed reload, in  0.934 seconds
Platform modules already initialized, skipping
Refreshing native plugins compatible for Editor in 0.22 ms, found 0 plugins.
Preloading 0 native plugins for Editor in 0.00 ms.
Unloading 1115 Unused Serialized files (Serialized files now loaded: 0)
System memory in use before: 57.7 MB.
System memory in use after: 57.8 MB.

Unloading 5 unused Assets to reduce memory usage. Loaded Objects now: 1587.
Total: 2.201600 ms (FindLiveObjects: 0.164000 ms CreateObjectMapping: 0.042400 ms MarkObjects: 1.897400 ms  DeleteObjects: 0.096500 ms)

========================================================================
Received Import Request.
  Time since last request: 226.055835 seconds.
  path: Assets/Scripts/Play Scripts/MovingEnemy.cs
  artifactKey: Guid(74129be12d6789b42b77a05051e9f1ca) Importer(815301076,1909f56bfc062723c751e8b465ee728b)
Start importing Assets/Scripts/Play Scripts/MovingEnemy.cs using Guid(74129be12d6789b42b77a05051e9f1ca) Importer(815301076,1909f56bfc062723c751e8b465ee728b)  -> (artifact id: '30e97f1c6ca117bdaeadc6a92fcdd3f2') in 0.009093 seconds
  Import took 0.011689 seconds .

========================================================================
Received Import Request.
  Time since last request: 0.004614 seconds.
  path: Assets/Scripts/Play Scripts/MovingEnemy.cs
  artifactKey: Guid(74129be12d6789b42b77a05051e9f1ca) Importer(815301076,1909f56bfc062723c751e8b465ee728b)
Start importing Assets/Scripts/Play Scripts/MovingEnemy.cs using Guid(74129be12d6789b42b77a05051e9f1ca) Importer(815301076,1909f56bfc062723c751e8b465ee728b)  -> (artifact id: '30e97f1c6ca117bdaeadc6a92fcdd3f2') in 0.003958 seconds
  Import took 0.006458 seconds .

========================================================================
Received Prepare
Registering precompiled user dll's ...
Registered in 0.001822 seconds.
Begin MonoManager ReloadAssembly
Native extension for WindowsStandalone target not found
Native extension for WebGL target not found
Refreshing native plugins compatible for Editor in 0.23 ms, found 0 plugins.
Preloading 0 native plugins for Editor in 0.00 ms.
Mono: successfully reloaded assembly
- Completed reload, in  0.830 seconds
Platform modules already initialized, skipping
Refreshing native plugins compatible for Editor in 0.29 ms, found 0 plugins.
Preloading 0 native plugins for Editor in 0.00 ms.
Unloading 1115 Unused Serialized files (Serialized files now loaded: 0)
System memory in use before: 57.7 MB.
System memory in use after: 57.8 MB.

Unloading 5 unused Assets to reduce memory usage. Loaded Objects now: 1590.
Total: 2.621400 ms (FindLiveObjects: 0.504100 ms CreateObjectMapping: 0.222400 ms MarkObjects: 1.807600 ms  DeleteObjects: 0.085700 ms)

========================================================================
Received Prepare
Registering precompiled user dll's ...
Registered in 0.001077 seconds.
Begin MonoManager ReloadAssembly
Native extension for WindowsStandalone target not found
Native extension for WebGL target not found
Refreshing native plugins compatible for Editor in 0.28 ms, found 0 plugins.
Preloading 0 native plugins for Editor in 0.00 ms.
Mono: successfully reloaded assembly
- Completed reload, in  0.908 seconds
Platform modules already initialized, skipping
Refreshing native plugins compatible for Editor in 0.22 ms, found 0 plugins.
Preloading 0 native plugins for Editor in 0.00 ms.
Unloading 1115 Unused Serialized files (Serialized files now loaded: 0)
System memory in use before: 57.7 MB.
System memory in use after: 57.8 MB.

Unloading 5 unused Assets to reduce memory usage. Loaded Objects now: 1593.
Total: 2.461900 ms (FindLiveObjects: 0.276000 ms CreateObjectMapping: 0.049400 ms MarkObjects: 2.060700 ms  DeleteObjects: 0.074800 ms)

========================================================================
Received Import Request.
  Time since last request: 43.466826 seconds.
  path: Assets/Scripts/Play Scripts/MovingEnemy.cs
  artifactKey: Guid(74129be12d6789b42b77a05051e9f1ca) Importer(815301076,1909f56bfc062723c751e8b465ee728b)
Start importing Assets/Scripts/Play Scripts/MovingEnemy.cs using Guid(74129be12d6789b42b77a05051e9f1ca) Importer(815301076,1909f56bfc062723c751e8b465ee728b)  -> (artifact id: '2a56017683d075d9d1241d7d3ff7e26f') in 0.009271 seconds
  Import took 0.011925 seconds .

========================================================================
Received Prepare
Registering precompiled user dll's ...
Registered in 0.001220 seconds.
Begin MonoManager ReloadAssembly
Native extension for WindowsStandalone target not found
Native extension for WebGL target not found
Refreshing native plugins compatible for Editor in 0.26 ms, found 0 plugins.
Preloading 0 native plugins for Editor in 0.00 ms.
Mono: successfully reloaded assembly
- Completed reload, in  0.821 seconds
Platform modules already initialized, skipping
Refreshing native plugins compatible for Editor in 0.26 ms, found 0 plugins.
Preloading 0 native plugins for Editor in 0.00 ms.
Unloading 1115 Unused Serialized files (Serialized files now loaded: 0)
System memory in use before: 57.7 MB.
System memory in use after: 57.8 MB.

Unloading 5 unused Assets to reduce memory usage. Loaded Objects now: 1596.
Total: 2.186600 ms (FindLiveObjects: 0.429200 ms CreateObjectMapping: 0.084400 ms MarkObjects: 1.584900 ms  DeleteObjects: 0.085900 ms)

========================================================================
Received Prepare
Registering precompiled user dll's ...
Registered in 0.001400 seconds.
Begin MonoManager ReloadAssembly
Native extension for WindowsStandalone target not found
Native extension for WebGL target not found
Refreshing native plugins compatible for Editor in 0.23 ms, found 0 plugins.
Preloading 0 native plugins for Editor in 0.00 ms.
Mono: successfully reloaded assembly
- Completed reload, in  0.853 seconds
Platform modules already initialized, skipping
Refreshing native plugins compatible for Editor in 0.23 ms, found 0 plugins.
Preloading 0 native plugins for Editor in 0.00 ms.
Unloading 1115 Unused Serialized files (Serialized files now loaded: 0)
System memory in use before: 57.7 MB.
System memory in use after: 57.8 MB.

Unloading 5 unused Assets to reduce memory usage. Loaded Objects now: 1599.
Total: 2.103600 ms (FindLiveObjects: 0.182800 ms CreateObjectMapping: 0.034800 ms MarkObjects: 1.816000 ms  DeleteObjects: 0.068700 ms)

========================================================================
Received Prepare
Registering precompiled user dll's ...
Registered in 0.001361 seconds.
Begin MonoManager ReloadAssembly
Native extension for WindowsStandalone target not found
Native extension for WebGL target not found
Refreshing native plugins compatible for Editor in 0.25 ms, found 0 plugins.
Preloading 0 native plugins for Editor in 0.00 ms.
Mono: successfully reloaded assembly
- Completed reload, in  0.793 seconds
Platform modules already initialized, skipping
Refreshing native plugins compatible for Editor in 0.27 ms, found 0 plugins.
Preloading 0 native plugins for Editor in 0.00 ms.
Unloading 1115 Unused Serialized files (Serialized files now loaded: 0)
System memory in use before: 57.7 MB.
System memory in use after: 57.8 MB.

Unloading 5 unused Assets to reduce memory usage. Loaded Objects now: 1602.
Total: 2.356200 ms (FindLiveObjects: 0.379200 ms CreateObjectMapping: 0.071700 ms MarkObjects: 1.809800 ms  DeleteObjects: 0.093200 ms)

========================================================================
Received Prepare
Registering precompiled user dll's ...
Registered in 0.000996 seconds.
Begin MonoManager ReloadAssembly
Native extension for WindowsStandalone target not found
Native extension for WebGL target not found
Refreshing native plugins compatible for Editor in 0.22 ms, found 0 plugins.
Preloading 0 native plugins for Editor in 0.00 ms.
Mono: successfully reloaded assembly
- Completed reload, in  0.952 seconds
Platform modules already initialized, skipping
Refreshing native plugins compatible for Editor in 0.24 ms, found 0 plugins.
Preloading 0 native plugins for Editor in 0.00 ms.
Unloading 1115 Unused Serialized files (Serialized files now loaded: 0)
System memory in use before: 57.7 MB.
System memory in use after: 57.8 MB.

Unloading 5 unused Assets to reduce memory usage. Loaded Objects now: 1605.
Total: 1.999500 ms (FindLiveObjects: 0.219400 ms CreateObjectMapping: 0.032600 ms MarkObjects: 1.663500 ms  DeleteObjects: 0.081200 ms)

========================================================================
Received Prepare
Registering precompiled user dll's ...
Registered in 0.001114 seconds.
Begin MonoManager ReloadAssembly
Native extension for WindowsStandalone target not found
Native extension for WebGL target not found
Refreshing native plugins compatible for Editor in 0.30 ms, found 0 plugins.
Preloading 0 native plugins for Editor in 0.00 ms.
Mono: successfully reloaded assembly
- Completed reload, in  0.863 seconds
Platform modules already initialized, skipping
Refreshing native plugins compatible for Editor in 0.31 ms, found 0 plugins.
Preloading 0 native plugins for Editor in 0.00 ms.
Unloading 1115 Unused Serialized files (Serialized files now loaded: 0)
System memory in use before: 57.7 MB.
System memory in use after: 57.8 MB.

Unloading 5 unused Assets to reduce memory usage. Loaded Objects now: 1608.
Total: 2.385600 ms (FindLiveObjects: 0.261300 ms CreateObjectMapping: 0.087000 ms MarkObjects: 1.954100 ms  DeleteObjects: 0.081500 ms)

========================================================================
Received Prepare
Registering precompiled user dll's ...
Registered in 0.001104 seconds.
Begin MonoManager ReloadAssembly
Native extension for WindowsStandalone target not found
Native extension for WebGL target not found
Refreshing native plugins compatible for Editor in 0.33 ms, found 0 plugins.
Preloading 0 native plugins for Editor in 0.00 ms.
Mono: successfully reloaded assembly
- Completed reload, in  0.925 seconds
Platform modules already initialized, skipping
Refreshing native plugins compatible for Editor in 0.26 ms, found 0 plugins.
Preloading 0 native plugins for Editor in 0.00 ms.
Unloading 1115 Unused Serialized files (Serialized files now loaded: 0)
System memory in use before: 57.7 MB.
System memory in use after: 57.8 MB.

Unloading 5 unused Assets to reduce memory usage. Loaded Objects now: 1611.
Total: 2.104500 ms (FindLiveObjects: 0.227200 ms CreateObjectMapping: 0.048200 ms MarkObjects: 1.735000 ms  DeleteObjects: 0.091800 ms)

========================================================================
Received Prepare
Registering precompiled user dll's ...
Registered in 0.000870 seconds.
Begin MonoManager ReloadAssembly
Native extension for WindowsStandalone target not found
Native extension for WebGL target not found
Refreshing native plugins compatible for Editor in 0.26 ms, found 0 plugins.
Preloading 0 native plugins for Editor in 0.00 ms.
Mono: successfully reloaded assembly
- Completed reload, in  1.001 seconds
Platform modules already initialized, skipping
Refreshing native plugins compatible for Editor in 0.25 ms, found 0 plugins.
Preloading 0 native plugins for Editor in 0.00 ms.
Unloading 1115 Unused Serialized files (Serialized files now loaded: 0)
System memory in use before: 57.7 MB.
System memory in use after: 57.8 MB.

Unloading 5 unused Assets to reduce memory usage. Loaded Objects now: 1614.
Total: 2.097300 ms (FindLiveObjects: 0.239800 ms CreateObjectMapping: 0.055900 ms MarkObjects: 1.715200 ms  DeleteObjects: 0.085000 ms)

========================================================================
Received Import Request.
  Time since last request: 3168.905534 seconds.
  path: Assets/Scripts/Play Scripts/Enemy
  artifactKey: Guid(08cebbc2c72839243a3c50d3ea87735d) Importer(815301076,1909f56bfc062723c751e8b465ee728b)
Start importing Assets/Scripts/Play Scripts/Enemy using Guid(08cebbc2c72839243a3c50d3ea87735d) Importer(815301076,1909f56bfc062723c751e8b465ee728b)  -> (artifact id: 'aef20f45d9326349c120fee6abf7e322') in 0.018378 seconds
  Import took 0.022401 seconds .

========================================================================
Received Import Request.
  Time since last request: 1.787594 seconds.
  path: Assets/Scripts/Play Scripts/BaseEnemy.cs
  artifactKey: Guid(3488b249a5a2ba44b80a88456ec7f1d7) Importer(815301076,1909f56bfc062723c751e8b465ee728b)
Start importing Assets/Scripts/Play Scripts/BaseEnemy.cs using Guid(3488b249a5a2ba44b80a88456ec7f1d7) Importer(815301076,1909f56bfc062723c751e8b465ee728b)  -> (artifact id: 'd3724d1d553a7d8b41dafab5b4f09653') in 0.008726 seconds
  Import took 0.010830 seconds .

========================================================================
Received Import Request.
  Time since last request: 0.002466 seconds.
  path: Assets/Scripts/Play Scripts/BaseEnemy.cs
  artifactKey: Guid(3488b249a5a2ba44b80a88456ec7f1d7) Importer(815301076,1909f56bfc062723c751e8b465ee728b)
Start importing Assets/Scripts/Play Scripts/BaseEnemy.cs using Guid(3488b249a5a2ba44b80a88456ec7f1d7) Importer(815301076,1909f56bfc062723c751e8b465ee728b)  -> (artifact id: 'd3724d1d553a7d8b41dafab5b4f09653') in 0.003521 seconds
  Import took 0.006542 seconds .

========================================================================
Received Prepare
Registering precompiled user dll's ...
Registered in 0.001373 seconds.
Begin MonoManager ReloadAssembly
Native extension for WindowsStandalone target not found
Native extension for WebGL target not found
Refreshing native plugins compatible for Editor in 0.27 ms, found 0 plugins.
Preloading 0 native plugins for Editor in 0.00 ms.
Mono: successfully reloaded assembly
- Completed reload, in  1.035 seconds
Platform modules already initialized, skipping
Refreshing native plugins compatible for Editor in 0.24 ms, found 0 plugins.
Preloading 0 native plugins for Editor in 0.00 ms.
Unloading 1115 Unused Serialized files (Serialized files now loaded: 0)
System memory in use before: 57.8 MB.
System memory in use after: 57.8 MB.

Unloading 5 unused Assets to reduce memory usage. Loaded Objects now: 1617.
Total: 2.821100 ms (FindLiveObjects: 0.253900 ms CreateObjectMapping: 0.064400 ms MarkObjects: 2.403600 ms  DeleteObjects: 0.096700 ms)

========================================================================
Received Import Request.
  Time since last request: 29.231647 seconds.
  path: Assets/Scripts/Play Scripts/SpawnManager.cs
  artifactKey: Guid(f3ae57c5f1924f440bd21707baa7f43d) Importer(815301076,1909f56bfc062723c751e8b465ee728b)
Start importing Assets/Scripts/Play Scripts/SpawnManager.cs using Guid(f3ae57c5f1924f440bd21707baa7f43d) Importer(815301076,1909f56bfc062723c751e8b465ee728b)  -> (artifact id: '00d4bb44057689c1b6c96f450c9742b0') in 0.016807 seconds
  Import took 0.020150 seconds .

========================================================================
Received Prepare
Registering precompiled user dll's ...
Registered in 0.000895 seconds.
Begin MonoManager ReloadAssembly
Native extension for WindowsStandalone target not found
Native extension for WebGL target not found
Refreshing native plugins compatible for Editor in 0.33 ms, found 0 plugins.
Preloading 0 native plugins for Editor in 0.00 ms.
Mono: successfully reloaded assembly
- Completed reload, in  1.022 seconds
Platform modules already initialized, skipping
Refreshing native plugins compatible for Editor in 0.40 ms, found 0 plugins.
Preloading 0 native plugins for Editor in 0.00 ms.
Unloading 1116 Unused Serialized files (Serialized files now loaded: 0)
System memory in use before: 57.8 MB.
System memory in use after: 57.9 MB.

Unloading 5 unused Assets to reduce memory usage. Loaded Objects now: 1621.
Total: 2.213800 ms (FindLiveObjects: 0.342000 ms CreateObjectMapping: 0.079200 ms MarkObjects: 1.706100 ms  DeleteObjects: 0.085700 ms)

========================================================================
Received Import Request.
  Time since last request: 60.344327 seconds.
  path: Assets/Scripts/Play Scripts/Pickups
  artifactKey: Guid(178f8333270f65645a7bed386d8a5353) Importer(815301076,1909f56bfc062723c751e8b465ee728b)
Start importing Assets/Scripts/Play Scripts/Pickups using Guid(178f8333270f65645a7bed386d8a5353) Importer(815301076,1909f56bfc062723c751e8b465ee728b)  -> (artifact id: '6910576a29a938f2fa7382753773d1e0') in 0.020872 seconds
  Import took 0.025387 seconds .

========================================================================
Received Import Request.
  Time since last request: 10.162880 seconds.
  path: Assets/Scripts/Play Scripts/Pickups/New Folder
  artifactKey: Guid(cde45bf87a019864fa44808ff729a68b) Importer(815301076,1909f56bfc062723c751e8b465ee728b)
Start importing Assets/Scripts/Play Scripts/Pickups/New Folder using Guid(cde45bf87a019864fa44808ff729a68b) Importer(815301076,1909f56bfc062723c751e8b465ee728b)  -> (artifact id: '956f3a11f0c6393af981147e0a905f5a') in 0.012704 seconds
  Import took 0.016250 seconds .

========================================================================
Received Import Request.
  Time since last request: 13.194931 seconds.
  path: Assets/Scripts/Play Scripts/Pickups/BasePickups
  artifactKey: Guid(0071241d3d50951498a81de6fb4e7bce) Importer(815301076,1909f56bfc062723c751e8b465ee728b)
Start importing Assets/Scripts/Play Scripts/Pickups/BasePickups using Guid(0071241d3d50951498a81de6fb4e7bce) Importer(815301076,1909f56bfc062723c751e8b465ee728b)  -> (artifact id: '5bd1b98369555cb6086ee3a3c86b3dae') in 0.012475 seconds
  Import took 0.015387 seconds .

========================================================================
Received Import Request.
  Time since last request: 0.001022 seconds.
  path: Assets/Scripts/Play Scripts/Pickups/BasePickups
  artifactKey: Guid(0071241d3d50951498a81de6fb4e7bce) Importer(815301076,1909f56bfc062723c751e8b465ee728b)
Start importing Assets/Scripts/Play Scripts/Pickups/BasePickups using Guid(0071241d3d50951498a81de6fb4e7bce) Importer(815301076,1909f56bfc062723c751e8b465ee728b)  -> (artifact id: '5bd1b98369555cb6086ee3a3c86b3dae') in 0.005668 seconds
  Import took 0.008265 seconds .

========================================================================
Received Import Request.
  Time since last request: 13.636230 seconds.
  path: Assets/Scripts/Play Scripts/Pickups/BasePickups.cs
  artifactKey: Guid(5989f541b75e1ea4f9e3fc27abd86cc8) Importer(815301076,1909f56bfc062723c751e8b465ee728b)
Start importing Assets/Scripts/Play Scripts/Pickups/BasePickups.cs using Guid(5989f541b75e1ea4f9e3fc27abd86cc8) Importer(815301076,1909f56bfc062723c751e8b465ee728b)  -> (artifact id: '72989916ade700f72e1603fe789cf944') in 0.007056 seconds
  Import took 0.010326 seconds .

========================================================================
Received Prepare
Registering precompiled user dll's ...
Registered in 0.000755 seconds.
Begin MonoManager ReloadAssembly
Native extension for WindowsStandalone target not found
Native extension for WebGL target not found
Refreshing native plugins compatible for Editor in 0.23 ms, found 0 plugins.
Preloading 0 native plugins for Editor in 0.00 ms.
Mono: successfully reloaded assembly
- Completed reload, in  1.056 seconds
Platform modules already initialized, skipping
Refreshing native plugins compatible for Editor in 0.35 ms, found 0 plugins.
Preloading 0 native plugins for Editor in 0.00 ms.
Unloading 1117 Unused Serialized files (Serialized files now loaded: 0)
System memory in use before: 57.8 MB.
System memory in use after: 57.9 MB.

Unloading 5 unused Assets to reduce memory usage. Loaded Objects now: 1625.
Total: 2.259300 ms (FindLiveObjects: 0.187700 ms CreateObjectMapping: 0.061500 ms MarkObjects: 1.923300 ms  DeleteObjects: 0.085500 ms)

========================================================================
Received Import Request.
  Time since last request: 121.977723 seconds.
  path: Assets/Scripts/Play Scripts/Pickups/PowerupPickup.cs
  artifactKey: Guid(c64cfe1c1b67e284daeb830f446abadb) Importer(815301076,1909f56bfc062723c751e8b465ee728b)
Start importing Assets/Scripts/Play Scripts/Pickups/PowerupPickup.cs using Guid(c64cfe1c1b67e284daeb830f446abadb) Importer(815301076,1909f56bfc062723c751e8b465ee728b)  -> (artifact id: '058b30564f614874c1494c0ca90d81fe') in 0.015329 seconds
  Import took 0.018959 seconds .

========================================================================
Received Prepare
Registering precompiled user dll's ...
Registered in 0.000732 seconds.
Begin MonoManager ReloadAssembly
Native extension for WindowsStandalone target not found
Native extension for WebGL target not found
Refreshing native plugins compatible for Editor in 0.26 ms, found 0 plugins.
Preloading 0 native plugins for Editor in 0.00 ms.
Mono: successfully reloaded assembly
- Completed reload, in  0.971 seconds
Platform modules already initialized, skipping
Refreshing native plugins compatible for Editor in 0.48 ms, found 0 plugins.
Preloading 0 native plugins for Editor in 0.00 ms.
Unloading 1118 Unused Serialized files (Serialized files now loaded: 0)
System memory in use before: 57.8 MB.
System memory in use after: 57.9 MB.

Unloading 5 unused Assets to reduce memory usage. Loaded Objects now: 1629.
Total: 2.370500 ms (FindLiveObjects: 0.294100 ms CreateObjectMapping: 0.071900 ms MarkObjects: 1.918400 ms  DeleteObjects: 0.084800 ms)

========================================================================
Received Import Request.
  Time since last request: 13.217673 seconds.
  path: Assets/Scripts/Play Scripts/Pickups/FoodPickup.cs
  artifactKey: Guid(debfc6069bf60ea4e8981f2996b03e10) Importer(815301076,1909f56bfc062723c751e8b465ee728b)
Start importing Assets/Scripts/Play Scripts/Pickups/FoodPickup.cs using Guid(debfc6069bf60ea4e8981f2996b03e10) Importer(815301076,1909f56bfc062723c751e8b465ee728b)  -> (artifact id: 'ed73bfcf0a15b33af28d43071a88090f') in 0.014031 seconds
  Import took 0.018194 seconds .

========================================================================
Received Prepare
Registering precompiled user dll's ...
Registered in 0.001015 seconds.
Begin MonoManager ReloadAssembly
Native extension for WindowsStandalone target not found
Native extension for WebGL target not found
Refreshing native plugins compatible for Editor in 0.22 ms, found 0 plugins.
Preloading 0 native plugins for Editor in 0.00 ms.
Mono: successfully reloaded assembly
- Completed reload, in  0.953 seconds
Platform modules already initialized, skipping
Refreshing native plugins compatible for Editor in 0.36 ms, found 0 plugins.
Preloading 0 native plugins for Editor in 0.00 ms.
Unloading 1119 Unused Serialized files (Serialized files now loaded: 0)
System memory in use before: 57.9 MB.
System memory in use after: 57.9 MB.

Unloading 5 unused Assets to reduce memory usage. Loaded Objects now: 1633.
Total: 1.951700 ms (FindLiveObjects: 0.241500 ms CreateObjectMapping: 0.041800 ms MarkObjects: 1.591200 ms  DeleteObjects: 0.075400 ms)

========================================================================
Received Prepare
Registering precompiled user dll's ...
Registered in 0.000703 seconds.
Begin MonoManager ReloadAssembly
Native extension for WindowsStandalone target not found
Native extension for WebGL target not found
Refreshing native plugins compatible for Editor in 0.25 ms, found 0 plugins.
Preloading 0 native plugins for Editor in 0.00 ms.
Mono: successfully reloaded assembly
- Completed reload, in  0.826 seconds
Platform modules already initialized, skipping
Refreshing native plugins compatible for Editor in 0.24 ms, found 0 plugins.
Preloading 0 native plugins for Editor in 0.00 ms.
Unloading 1119 Unused Serialized files (Serialized files now loaded: 0)
System memory in use before: 57.9 MB.
System memory in use after: 57.9 MB.

Unloading 5 unused Assets to reduce memory usage. Loaded Objects now: 1636.
Total: 1.967900 ms (FindLiveObjects: 0.212100 ms CreateObjectMapping: 0.044300 ms MarkObjects: 1.637700 ms  DeleteObjects: 0.072400 ms)

========================================================================
Received Prepare
Registering precompiled user dll's ...
Registered in 0.000712 seconds.
Begin MonoManager ReloadAssembly
Native extension for WindowsStandalone target not found
Native extension for WebGL target not found
Refreshing native plugins compatible for Editor in 0.22 ms, found 0 plugins.
Preloading 0 native plugins for Editor in 0.00 ms.
Mono: successfully reloaded assembly
- Completed reload, in  1.019 seconds
Platform modules already initialized, skipping
Refreshing native plugins compatible for Editor in 0.29 ms, found 0 plugins.
Preloading 0 native plugins for Editor in 0.00 ms.
Unloading 1119 Unused Serialized files (Serialized files now loaded: 0)
System memory in use before: 57.9 MB.
System memory in use after: 57.9 MB.

Unloading 5 unused Assets to reduce memory usage. Loaded Objects now: 1639.
Total: 2.027500 ms (FindLiveObjects: 0.258700 ms CreateObjectMapping: 0.067900 ms MarkObjects: 1.641400 ms  DeleteObjects: 0.057900 ms)

========================================================================
Received Import Request.
  Time since last request: 476.708583 seconds.
  path: Assets/Scripts/Play Scripts/Pickups/BasePickups.cs
  artifactKey: Guid(5989f541b75e1ea4f9e3fc27abd86cc8) Importer(815301076,1909f56bfc062723c751e8b465ee728b)
Start importing Assets/Scripts/Play Scripts/Pickups/BasePickups.cs using Guid(5989f541b75e1ea4f9e3fc27abd86cc8) Importer(815301076,1909f56bfc062723c751e8b465ee728b)  -> (artifact id: '18f52c516a4c15f0e004b5c7c1ed375b') in 0.008354 seconds
  Import took 0.010293 seconds .

========================================================================
Received Prepare
Registering precompiled user dll's ...
Registered in 0.001206 seconds.
Begin MonoManager ReloadAssembly
Native extension for WindowsStandalone target not found
Native extension for WebGL target not found
Refreshing native plugins compatible for Editor in 0.26 ms, found 0 plugins.
Preloading 0 native plugins for Editor in 0.00 ms.
Mono: successfully reloaded assembly
- Completed reload, in  1.017 seconds
Platform modules already initialized, skipping
Refreshing native plugins compatible for Editor in 0.50 ms, found 0 plugins.
Preloading 0 native plugins for Editor in 0.00 ms.
Unloading 1119 Unused Serialized files (Serialized files now loaded: 0)
System memory in use before: 57.9 MB.
System memory in use after: 57.9 MB.

Unloading 5 unused Assets to reduce memory usage. Loaded Objects now: 1642.
Total: 1.889300 ms (FindLiveObjects: 0.164400 ms CreateObjectMapping: 0.047300 ms MarkObjects: 1.601900 ms  DeleteObjects: 0.074600 ms)

========================================================================
Received Import Request.
  Time since last request: 15.258853 seconds.
  path: Assets/Scripts/Play Scripts/Pickups/FoodPickup.cs
  artifactKey: Guid(debfc6069bf60ea4e8981f2996b03e10) Importer(815301076,1909f56bfc062723c751e8b465ee728b)
Start importing Assets/Scripts/Play Scripts/Pickups/FoodPickup.cs using Guid(debfc6069bf60ea4e8981f2996b03e10) Importer(815301076,1909f56bfc062723c751e8b465ee728b)  -> (artifact id: 'c20df272fb7e5538873dd221e9e2a87e') in 0.007886 seconds
  Import took 0.009808 seconds .

========================================================================
Received Prepare
Registering precompiled user dll's ...
Registered in 0.001009 seconds.
Begin MonoManager ReloadAssembly
Native extension for WindowsStandalone target not found
Native extension for WebGL target not found
Refreshing native plugins compatible for Editor in 0.24 ms, found 0 plugins.
Preloading 0 native plugins for Editor in 0.00 ms.
Mono: successfully reloaded assembly
- Completed reload, in  1.380 seconds
Platform modules already initialized, skipping
Refreshing native plugins compatible for Editor in 0.22 ms, found 0 plugins.
Preloading 0 native plugins for Editor in 0.00 ms.
Unloading 1119 Unused Serialized files (Serialized files now loaded: 0)
System memory in use before: 57.9 MB.
System memory in use after: 58.0 MB.

Unloading 5 unused Assets to reduce memory usage. Loaded Objects now: 1645.
Total: 2.169800 ms (FindLiveObjects: 0.147700 ms CreateObjectMapping: 0.041600 ms MarkObjects: 1.918700 ms  DeleteObjects: 0.060800 ms)

========================================================================
Received Import Request.
  Time since last request: 19.051773 seconds.
  path: Assets/Scripts/Play Scripts/Pickups/PowerupPickup.cs
  artifactKey: Guid(c64cfe1c1b67e284daeb830f446abadb) Importer(815301076,1909f56bfc062723c751e8b465ee728b)
Start importing Assets/Scripts/Play Scripts/Pickups/PowerupPickup.cs using Guid(c64cfe1c1b67e284daeb830f446abadb) Importer(815301076,1909f56bfc062723c751e8b465ee728b)  -> (artifact id: 'd30e207ccb7984a9205d4da7d7f824c5') in 0.008822 seconds
  Import took 0.010819 seconds .

========================================================================
Received Prepare
Registering precompiled user dll's ...
Registered in 0.001078 seconds.
Begin MonoManager ReloadAssembly
Native extension for WindowsStandalone target not found
Native extension for WebGL target not found
Refreshing native plugins compatible for Editor in 0.33 ms, found 0 plugins.
Preloading 0 native plugins for Editor in 0.00 ms.
Mono: successfully reloaded assembly
- Completed reload, in  4.669 seconds
Platform modules already initialized, skipping
Refreshing native plugins compatible for Editor in 0.23 ms, found 0 plugins.
Preloading 0 native plugins for Editor in 0.00 ms.
Unloading 1119 Unused Serialized files (Serialized files now loaded: 0)
System memory in use before: 57.9 MB.
System memory in use after: 58.0 MB.

Unloading 5 unused Assets to reduce memory usage. Loaded Objects now: 1648.
Total: 2.592800 ms (FindLiveObjects: 0.365400 ms CreateObjectMapping: 0.040200 ms MarkObjects: 2.120100 ms  DeleteObjects: 0.064700 ms)

========================================================================
Received Prepare
Registering precompiled user dll's ...
Registered in 0.001414 seconds.
Begin MonoManager ReloadAssembly
Native extension for WindowsStandalone target not found
Native extension for WebGL target not found
Refreshing native plugins compatible for Editor in 0.25 ms, found 0 plugins.
Preloading 0 native plugins for Editor in 0.00 ms.
Mono: successfully reloaded assembly
- Completed reload, in  0.884 seconds
Platform modules already initialized, skipping
Refreshing native plugins compatible for Editor in 0.29 ms, found 0 plugins.
Preloading 0 native plugins for Editor in 0.00 ms.
Unloading 1119 Unused Serialized files (Serialized files now loaded: 0)
System memory in use before: 57.9 MB.
System memory in use after: 58.0 MB.

Unloading 5 unused Assets to reduce memory usage. Loaded Objects now: 1651.
Total: 2.605000 ms (FindLiveObjects: 0.368500 ms CreateObjectMapping: 0.102100 ms MarkObjects: 2.072400 ms  DeleteObjects: 0.059800 ms)

========================================================================
Received Import Request.
  Time since last request: 2563.866312 seconds.
  path: Assets/Scripts/Play Scripts/Pickups/PowerupPickup.cs
  artifactKey: Guid(c64cfe1c1b67e284daeb830f446abadb) Importer(815301076,1909f56bfc062723c751e8b465ee728b)
Start importing Assets/Scripts/Play Scripts/Pickups/PowerupPickup.cs using Guid(c64cfe1c1b67e284daeb830f446abadb) Importer(815301076,1909f56bfc062723c751e8b465ee728b)  -> (artifact id: '674fb206abf5c52dc3472eb8fcb1a78b') in 0.008765 seconds
  Import took 0.010759 seconds .

========================================================================
Received Prepare
Registering precompiled user dll's ...
Registered in 0.000927 seconds.
Begin MonoManager ReloadAssembly
Native extension for WindowsStandalone target not found
Native extension for WebGL target not found
Refreshing native plugins compatible for Editor in 0.33 ms, found 0 plugins.
Preloading 0 native plugins for Editor in 0.00 ms.
Mono: successfully reloaded assembly
- Completed reload, in  1.048 seconds
Platform modules already initialized, skipping
Refreshing native plugins compatible for Editor in 0.51 ms, found 0 plugins.
Preloading 0 native plugins for Editor in 0.00 ms.
Unloading 1118 Unused Serialized files (Serialized files now loaded: 0)
System memory in use before: 57.9 MB.
System memory in use after: 57.9 MB.

Unloading 6 unused Assets to reduce memory usage. Loaded Objects now: 1653.
Total: 2.266400 ms (FindLiveObjects: 0.296500 ms CreateObjectMapping: 0.076100 ms MarkObjects: 1.816700 ms  DeleteObjects: 0.075800 ms)

========================================================================
Received Import Request.
  Time since last request: 182.322088 seconds.
  path: Assets/Scripts/Play Scripts/Pickups/FoodPickup.cs
  artifactKey: Guid(debfc6069bf60ea4e8981f2996b03e10) Importer(815301076,1909f56bfc062723c751e8b465ee728b)
Start importing Assets/Scripts/Play Scripts/Pickups/FoodPickup.cs using Guid(debfc6069bf60ea4e8981f2996b03e10) Importer(815301076,1909f56bfc062723c751e8b465ee728b)  -> (artifact id: 'ebd1fb3f57b72cdaa0196b25729d8a61') in 0.010960 seconds
  Import took 0.013627 seconds .

========================================================================
Received Import Request.
  Time since last request: 0.000419 seconds.
  path: Assets/Scripts/Play Scripts/Pickups/FoodPickup.cs
  artifactKey: Guid(debfc6069bf60ea4e8981f2996b03e10) Importer(815301076,1909f56bfc062723c751e8b465ee728b)
Start importing Assets/Scripts/Play Scripts/Pickups/FoodPickup.cs using Guid(debfc6069bf60ea4e8981f2996b03e10) Importer(815301076,1909f56bfc062723c751e8b465ee728b)  -> (artifact id: 'ebd1fb3f57b72cdaa0196b25729d8a61') in 0.003552 seconds
  Import took 0.006286 seconds .

========================================================================
Received Prepare
Registering precompiled user dll's ...
Registered in 0.000896 seconds.
Begin MonoManager ReloadAssembly
Native extension for WindowsStandalone target not found
Native extension for WebGL target not found
Refreshing native plugins compatible for Editor in 0.27 ms, found 0 plugins.
Preloading 0 native plugins for Editor in 0.00 ms.
Mono: successfully reloaded assembly
- Completed reload, in  0.956 seconds
Platform modules already initialized, skipping
Refreshing native plugins compatible for Editor in 0.25 ms, found 0 plugins.
Preloading 0 native plugins for Editor in 0.00 ms.
Unloading 1118 Unused Serialized files (Serialized files now loaded: 0)
System memory in use before: 57.9 MB.
System memory in use after: 58.0 MB.

Unloading 5 unused Assets to reduce memory usage. Loaded Objects now: 1656.
Total: 2.402800 ms (FindLiveObjects: 0.258600 ms CreateObjectMapping: 0.046200 ms MarkObjects: 1.986700 ms  DeleteObjects: 0.110100 ms)

========================================================================
Received Import Request.
  Time since last request: 2273.668624 seconds.
  path: Assets/Scripts/Play Scripts/Pickups/PowerupPickup.cs
  artifactKey: Guid(c64cfe1c1b67e284daeb830f446abadb) Importer(815301076,1909f56bfc062723c751e8b465ee728b)
Start importing Assets/Scripts/Play Scripts/Pickups/PowerupPickup.cs using Guid(c64cfe1c1b67e284daeb830f446abadb) Importer(815301076,1909f56bfc062723c751e8b465ee728b)  -> (artifact id: '58757d8be3c41d1b0debeb15ee784361') in 0.010057 seconds
  Import took 0.012584 seconds .

========================================================================
Received Import Request.
  Time since last request: 15.830929 seconds.
  path: Assets/Scripts/Play Scripts/GameManager.cs
  artifactKey: Guid(915b9ea2a5def914a9429c2dfdf3cbd6) Importer(815301076,1909f56bfc062723c751e8b465ee728b)
Start importing Assets/Scripts/Play Scripts/GameManager.cs using Guid(915b9ea2a5def914a9429c2dfdf3cbd6) Importer(815301076,1909f56bfc062723c751e8b465ee728b)  -> (artifact id: 'f22c92414a016fb0e3c07b4390626bb7') in 0.012383 seconds
  Import took 0.015258 seconds .

========================================================================
Received Prepare
Registering precompiled user dll's ...
Registered in 0.000894 seconds.
Begin MonoManager ReloadAssembly
Native extension for WindowsStandalone target not found
Native extension for WebGL target not found
Refreshing native plugins compatible for Editor in 0.46 ms, found 0 plugins.
Preloading 0 native plugins for Editor in 0.00 ms.
Mono: successfully reloaded assembly
- Completed reload, in  1.001 seconds
Platform modules already initialized, skipping
Refreshing native plugins compatible for Editor in 0.22 ms, found 0 plugins.
Preloading 0 native plugins for Editor in 0.00 ms.
Unloading 1119 Unused Serialized files (Serialized files now loaded: 0)
System memory in use before: 58.0 MB.
System memory in use after: 58.0 MB.

Unloading 5 unused Assets to reduce memory usage. Loaded Objects now: 1660.
Total: 1.972800 ms (FindLiveObjects: 0.237500 ms CreateObjectMapping: 0.043000 ms MarkObjects: 1.611100 ms  DeleteObjects: 0.079000 ms)

AssetImportWorkerClient::OnTransportError - code=2 error=End of file
